<?xml version="1.0" encoding="UTF-8"?>
<!-- Generated by org.testng.reporters.JUnitReportReporter -->
<testsuite hostname="GalaxyBook2" failures="0" tests="6" name="com.sample.test.demo.tests.DemoTest" time="6.517" errors="0" timestamp="12 Jul 2023 03:31:41 GMT" skipped="0">
  <testcase classname="com.sample.test.demo.tests.DemoTest" name="negativeTest2" time="1.073"/>
  <testcase classname="com.sample.test.demo.tests.DemoTest" name="boundaryTest1" time="1.150"/>
  <testcase classname="com.sample.test.demo.tests.DemoTest" name="positiveTest1" time="1.053"/>
  <testcase classname="com.sample.test.demo.tests.DemoTest" name="boundaryTest2" time="1.052"/>
  <testcase classname="com.sample.test.demo.tests.DemoTest" name="positiveTest2" time="1.159"/>
  <testcase classname="com.sample.test.demo.tests.DemoTest" name="negativeTest1" time="1.030"/>
</testsuite> <!-- com.sample.test.demo.tests.DemoTest -->
