<?xml version="1.0" encoding="UTF-8"?>
<!-- Generated by org.testng.reporters.JUnitReportReporter -->
<testsuite hostname="GalaxyBook2" failures="0" tests="6" name="com.sample.test.demo.tests.OrderEntryTest" time="5.638" errors="0" timestamp="12 Jul 2023 04:32:16 GMT" skipped="0">
  <testcase classname="com.sample.test.demo.tests.OrderEntryTest" name="positiveTest1" time="1.220"/>
  <testcase classname="com.sample.test.demo.tests.OrderEntryTest" name="positiveTest2" time="0.900"/>
  <testcase classname="com.sample.test.demo.tests.OrderEntryTest" name="negativeTest2" time="0.855"/>
  <testcase classname="com.sample.test.demo.tests.OrderEntryTest" name="negativeTest1" time="0.746"/>
  <testcase classname="com.sample.test.demo.tests.OrderEntryTest" name="boundaryTest1" time="0.927"/>
  <testcase classname="com.sample.test.demo.tests.OrderEntryTest" name="boundaryTest2" time="0.990"/>
</testsuite> <!-- com.sample.test.demo.tests.OrderEntryTest -->
